<?xml version="1.0" encoding="UTF-8" ?>
<testsuite errors="0" failures="1" name="ACEClient.ACEClient" tests="1" time="0.063">
  <properties>
[...]
</properties>
  <testcase classname="junit.framework.TestSuite$1" name="warning" time="0.016">
    <failure message="No tests found in ACEClient.ACEClient" type="junit.framework.AssertionFailedError">junit.framework.AssertionFailedError: No tests found in ACEClient.ACEClient
</failure>
  </testcase>
  <system-out><![CDATA[]]></system-out>
  <system-err><![CDATA[]]></system-err>
</testsuite>
